<?xml version="1.0" encoding="UTF-8"?>
<testng-results ignored="0" total="3" passed="3" failed="0" skipped="0">
  <reporter-output>
  </reporter-output>
  <suite started-at="2025-03-25T08:51:23 IST" name="Default suite" finished-at="2025-03-25T08:51:35 IST" duration-ms="12217">
    <groups>
    </groups>
    <test started-at="2025-03-25T08:51:23 IST" name="Default test" finished-at="2025-03-25T08:51:35 IST" duration-ms="12217">
      <class name="ParallelExhecution.TestingParallelExhecution">
        <test-method signature="Banking()[pri:0, instance:ParallelExhecution.TestingParallelExhecution@34123d65]" started-at="2025-03-25T08:51:23 IST" name="Banking" finished-at="2025-03-25T08:51:27 IST" duration-ms="4276" status="PASS">
          <reporter-output>
          </reporter-output>
        </test-method> <!-- Banking -->
        <test-method signature="Movie()[pri:0, instance:ParallelExhecution.TestingParallelExhecution@34123d65]" started-at="2025-03-25T08:51:27 IST" name="Movie" finished-at="2025-03-25T08:51:32 IST" duration-ms="4782" status="PASS">
          <reporter-output>
          </reporter-output>
        </test-method> <!-- Movie -->
        <test-method signature="Shopping()[pri:0, instance:ParallelExhecution.TestingParallelExhecution@34123d65]" started-at="2025-03-25T08:51:32 IST" name="Shopping" finished-at="2025-03-25T08:51:35 IST" duration-ms="3056" status="PASS">
          <reporter-output>
          </reporter-output>
        </test-method> <!-- Shopping -->
      </class> <!-- ParallelExhecution.TestingParallelExhecution -->
    </test> <!-- Default test -->
  </suite> <!-- Default suite -->
</testng-results>
