<?xml version="1.0" encoding="UTF-8"?>
<testng-results ignored="0" total="2" passed="2" failed="0" skipped="0">
  <reporter-output>
  </reporter-output>
  <suite started-at="2025-03-23T15:42:09 IST" name="Suite" finished-at="2025-03-23T15:42:16 IST" duration-ms="7204">
    <groups>
    </groups>
    <test started-at="2025-03-23T15:42:09 IST" name="ParallelTest" finished-at="2025-03-23T15:42:16 IST" duration-ms="7204">
      <class name="ParallelExhecution.TestingParallelExhecution">
        <test-method signature="Banking()[pri:0, instance:ParallelExhecution.TestingParallelExhecution@77888435]" started-at="2025-03-23T15:42:09 IST" name="Banking" finished-at="2025-03-23T15:42:14 IST" duration-ms="5092" status="PASS">
          <reporter-output>
          </reporter-output>
        </test-method> <!-- Banking -->
        <test-method signature="Shopping()[pri:0, instance:ParallelExhecution.TestingParallelExhecution@77888435]" started-at="2025-03-23T15:42:09 IST" name="Shopping" finished-at="2025-03-23T15:42:16 IST" duration-ms="7105" status="PASS">
          <reporter-output>
          </reporter-output>
        </test-method> <!-- Shopping -->
      </class> <!-- ParallelExhecution.TestingParallelExhecution -->
    </test> <!-- ParallelTest -->
  </suite> <!-- Suite -->
</testng-results>
