<?xml version="1.0" encoding="UTF-8"?>
<!-- Generated by org.testng.reporters.JUnitXMLReporter -->
<testsuite ignored="0" hostname="Pritam-h17" failures="0" tests="3" name="ParallelTest" time="4.827" errors="0" timestamp="2025-03-23T16:13:47 IST">
  <testcase classname="ParallelExhecution.TestingParallelExhecution" name="Banking" time="2.197"/>
  <testcase classname="ParallelExhecution.TestingParallelExhecution" name="Movie" time="3.566"/>
  <testcase classname="ParallelExhecution.TestingParallelExhecution" name="Shopping" time="2.573"/>
</testsuite> <!-- ParallelTest -->
