<?xml version="1.0" encoding="UTF-8"?>
<!-- Generated by org.testng.reporters.JUnitXMLReporter -->
<testsuite ignored="0" hostname="Pritam-h17" failures="0" tests="3" name="Default test" time="12.217" errors="0" timestamp="2025-03-25T08:51:35 IST">
  <testcase classname="ParallelExhecution.TestingParallelExhecution" name="Banking" time="4.276"/>
  <testcase classname="ParallelExhecution.TestingParallelExhecution" name="Movie" time="4.782"/>
  <testcase classname="ParallelExhecution.TestingParallelExhecution" name="Shopping" time="3.056"/>
</testsuite> <!-- Default test -->
